<?xml version="1.0" encoding="UTF-8"?>
<testsuite xmlns:xsi="http://www.w3.org/2001/XMLSchema-instance" xsi:noNamespaceSchemaLocation="https://maven.apache.org/surefire/maven-surefire-plugin/xsd/surefire-test-report.xsd" name="com.msg.AppTest" time="0.083" tests="1" errors="0" skipped="0" failures="0">
  <properties>
    <property name="java.specification.version" value="13"/>
    <property name="sun.cpu.isalist" value="amd64"/>
    <property name="sun.jnu.encoding" value="GBK"/>
    <property name="java.class.path" value="E:\JetBrains\IdeaProjects\manager_system\manager-system-utils\target\test-classes;E:\JetBrains\IdeaProjects\manager_system\manager-system-utils\target\classes;E:\maven\repository\junit\junit\4.11\junit-4.11.jar;E:\maven\repository\org\hamcrest\hamcrest-core\1.3\hamcrest-core-1.3.jar;E:\maven\repository\org\aspectj\aspectjweaver\1.6.8\aspectjweaver-1.6.8.jar;E:\maven\repository\org\springframework\spring-aop\5.0.2.RELEASE\spring-aop-5.0.2.RELEASE.jar;E:\maven\repository\org\springframework\spring-context\5.0.2.RELEASE\spring-context-5.0.2.RELEASE.jar;E:\maven\repository\org\springframework\spring-expression\5.0.2.RELEASE\spring-expression-5.0.2.RELEASE.jar;E:\maven\repository\org\springframework\spring-context-support\5.0.2.RELEASE\spring-context-support-5.0.2.RELEASE.jar;E:\maven\repository\org\springframework\spring-web\5.0.2.RELEASE\spring-web-5.0.2.RELEASE.jar;E:\maven\repository\org\springframework\spring-orm\5.0.2.RELEASE\spring-orm-5.0.2.RELEASE.jar;E:\maven\repository\org\springframework\spring-jdbc\5.0.2.RELEASE\spring-jdbc-5.0.2.RELEASE.jar;E:\maven\repository\org\springframework\spring-beans\5.0.2.RELEASE\spring-beans-5.0.2.RELEASE.jar;E:\maven\repository\org\springframework\spring-core\5.0.2.RELEASE\spring-core-5.0.2.RELEASE.jar;E:\maven\repository\org\springframework\spring-jcl\5.0.2.RELEASE\spring-jcl-5.0.2.RELEASE.jar;E:\maven\repository\org\springframework\spring-test\5.0.2.RELEASE\spring-test-5.0.2.RELEASE.jar;E:\maven\repository\org\springframework\spring-webmvc\5.0.2.RELEASE\spring-webmvc-5.0.2.RELEASE.jar;E:\maven\repository\org\springframework\spring-tx\5.0.2.RELEASE\spring-tx-5.0.2.RELEASE.jar;E:\maven\repository\javax\servlet\javax.servlet-api\3.1.0\javax.servlet-api-3.1.0.jar;E:\maven\repository\javax\servlet\jsp\jsp-api\2.0\jsp-api-2.0.jar;E:\maven\repository\jstl\jstl\1.2\jstl-1.2.jar;E:\maven\repository\log4j\log4j\1.2.12\log4j-1.2.12.jar;E:\maven\repository\org\slf4j\slf4j-api\1.6.6\slf4j-api-1.6.6.jar;E:\maven\repository\org\slf4j\slf4j-log4j12\1.6.6\slf4j-log4j12-1.6.6.jar;E:\maven\repository\org\mybatis\mybatis\3.4.5\mybatis-3.4.5.jar;E:\maven\repository\org\mybatis\mybatis-spring\1.3.0\mybatis-spring-1.3.0.jar;E:\maven\repository\com\github\pagehelper\pagehelper\5.1.2\pagehelper-5.1.2.jar;E:\maven\repository\com\github\jsqlparser\jsqlparser\1.0\jsqlparser-1.0.jar;E:\maven\repository\org\springframework\security\spring-security-web\5.0.1.RELEASE\spring-security-web-5.0.1.RELEASE.jar;E:\maven\repository\org\springframework\security\spring-security-config\5.0.1.RELEASE\spring-security-config-5.0.1.RELEASE.jar;E:\maven\repository\org\springframework\security\spring-security-core\5.0.1.RELEASE\spring-security-core-5.0.1.RELEASE.jar;E:\maven\repository\org\springframework\security\spring-security-taglibs\5.0.1.RELEASE\spring-security-taglibs-5.0.1.RELEASE.jar;E:\maven\repository\org\springframework\security\spring-security-acl\5.0.1.RELEASE\spring-security-acl-5.0.1.RELEASE.jar;E:\maven\repository\com\alibaba\druid\1.1.16\druid-1.1.16.jar;E:\maven\repository\com\oracle\ojdbc14\10.2.0.4.0\ojdbc14-10.2.0.4.0.jar;E:\maven\repository\javax\annotation\jsr250-api\1.0\jsr250-api-1.0.jar;"/>
    <property name="java.vm.vendor" value="Oracle Corporation"/>
    <property name="sun.arch.data.model" value="64"/>
    <property name="user.variant" value=""/>
    <property name="java.vendor.url" value="https://java.oracle.com/"/>
    <property name="user.timezone" value="Asia/Shanghai"/>
    <property name="os.name" value="Windows 10"/>
    <property name="java.vm.specification.version" value="13"/>
    <property name="sun.java.launcher" value="SUN_STANDARD"/>
    <property name="user.country" value="CN"/>
    <property name="sun.boot.library.path" value="E:\Java\jdk-13.0.2\bin"/>
    <property name="sun.java.command" value="C:\Users\df\AppData\Local\Temp\surefire17691552320771830619\surefirebooter14873784968495736021.jar C:\Users\df\AppData\Local\Temp\surefire17691552320771830619 2020-03-13T14-20-00_178-jvmRun1 surefire15171151471954635390tmp surefire_02035196034777641823tmp"/>
    <property name="jdk.debug" value="release"/>
    <property name="surefire.test.class.path" value="E:\JetBrains\IdeaProjects\manager_system\manager-system-utils\target\test-classes;E:\JetBrains\IdeaProjects\manager_system\manager-system-utils\target\classes;E:\maven\repository\junit\junit\4.11\junit-4.11.jar;E:\maven\repository\org\hamcrest\hamcrest-core\1.3\hamcrest-core-1.3.jar;E:\maven\repository\org\aspectj\aspectjweaver\1.6.8\aspectjweaver-1.6.8.jar;E:\maven\repository\org\springframework\spring-aop\5.0.2.RELEASE\spring-aop-5.0.2.RELEASE.jar;E:\maven\repository\org\springframework\spring-context\5.0.2.RELEASE\spring-context-5.0.2.RELEASE.jar;E:\maven\repository\org\springframework\spring-expression\5.0.2.RELEASE\spring-expression-5.0.2.RELEASE.jar;E:\maven\repository\org\springframework\spring-context-support\5.0.2.RELEASE\spring-context-support-5.0.2.RELEASE.jar;E:\maven\repository\org\springframework\spring-web\5.0.2.RELEASE\spring-web-5.0.2.RELEASE.jar;E:\maven\repository\org\springframework\spring-orm\5.0.2.RELEASE\spring-orm-5.0.2.RELEASE.jar;E:\maven\repository\org\springframework\spring-jdbc\5.0.2.RELEASE\spring-jdbc-5.0.2.RELEASE.jar;E:\maven\repository\org\springframework\spring-beans\5.0.2.RELEASE\spring-beans-5.0.2.RELEASE.jar;E:\maven\repository\org\springframework\spring-core\5.0.2.RELEASE\spring-core-5.0.2.RELEASE.jar;E:\maven\repository\org\springframework\spring-jcl\5.0.2.RELEASE\spring-jcl-5.0.2.RELEASE.jar;E:\maven\repository\org\springframework\spring-test\5.0.2.RELEASE\spring-test-5.0.2.RELEASE.jar;E:\maven\repository\org\springframework\spring-webmvc\5.0.2.RELEASE\spring-webmvc-5.0.2.RELEASE.jar;E:\maven\repository\org\springframework\spring-tx\5.0.2.RELEASE\spring-tx-5.0.2.RELEASE.jar;E:\maven\repository\javax\servlet\javax.servlet-api\3.1.0\javax.servlet-api-3.1.0.jar;E:\maven\repository\javax\servlet\jsp\jsp-api\2.0\jsp-api-2.0.jar;E:\maven\repository\jstl\jstl\1.2\jstl-1.2.jar;E:\maven\repository\log4j\log4j\1.2.12\log4j-1.2.12.jar;E:\maven\repository\org\slf4j\slf4j-api\1.6.6\slf4j-api-1.6.6.jar;E:\maven\repository\org\slf4j\slf4j-log4j12\1.6.6\slf4j-log4j12-1.6.6.jar;E:\maven\repository\org\mybatis\mybatis\3.4.5\mybatis-3.4.5.jar;E:\maven\repository\org\mybatis\mybatis-spring\1.3.0\mybatis-spring-1.3.0.jar;E:\maven\repository\com\github\pagehelper\pagehelper\5.1.2\pagehelper-5.1.2.jar;E:\maven\repository\com\github\jsqlparser\jsqlparser\1.0\jsqlparser-1.0.jar;E:\maven\repository\org\springframework\security\spring-security-web\5.0.1.RELEASE\spring-security-web-5.0.1.RELEASE.jar;E:\maven\repository\org\springframework\security\spring-security-config\5.0.1.RELEASE\spring-security-config-5.0.1.RELEASE.jar;E:\maven\repository\org\springframework\security\spring-security-core\5.0.1.RELEASE\spring-security-core-5.0.1.RELEASE.jar;E:\maven\repository\org\springframework\security\spring-security-taglibs\5.0.1.RELEASE\spring-security-taglibs-5.0.1.RELEASE.jar;E:\maven\repository\org\springframework\security\spring-security-acl\5.0.1.RELEASE\spring-security-acl-5.0.1.RELEASE.jar;E:\maven\repository\com\alibaba\druid\1.1.16\druid-1.1.16.jar;E:\maven\repository\com\oracle\ojdbc14\10.2.0.4.0\ojdbc14-10.2.0.4.0.jar;E:\maven\repository\javax\annotation\jsr250-api\1.0\jsr250-api-1.0.jar;"/>
    <property name="sun.cpu.endian" value="little"/>
    <property name="user.home" value="C:\Users\df"/>
    <property name="user.language" value="zh"/>
    <property name="java.specification.vendor" value="Oracle Corporation"/>
    <property name="java.version.date" value="2020-01-14"/>
    <property name="java.home" value="E:\Java\jdk-13.0.2"/>
    <property name="file.separator" value="\"/>
    <property name="basedir" value="E:\JetBrains\IdeaProjects\manager_system\manager-system-utils"/>
    <property name="java.vm.compressedOopsMode" value="32-bit"/>
    <property name="line.separator" value="&#10;"/>
    <property name="java.vm.specification.vendor" value="Oracle Corporation"/>
    <property name="java.specification.name" value="Java Platform API Specification"/>
    <property name="surefire.real.class.path" value="C:\Users\df\AppData\Local\Temp\surefire17691552320771830619\surefirebooter14873784968495736021.jar"/>
    <property name="user.script" value=""/>
    <property name="sun.management.compiler" value="HotSpot 64-Bit Tiered Compilers"/>
    <property name="java.runtime.version" value="13.0.2+8"/>
    <property name="user.name" value="小米"/>
    <property name="path.separator" value=";"/>
    <property name="os.version" value="10.0"/>
    <property name="java.runtime.name" value="Java(TM) SE Runtime Environment"/>
    <property name="file.encoding" value="GBK"/>
    <property name="java.vm.name" value="Java HotSpot(TM) 64-Bit Server VM"/>
    <property name="localRepository" value="E:\maven\repository"/>
    <property name="java.vendor.url.bug" value="https://bugreport.java.com/bugreport/"/>
    <property name="java.io.tmpdir" value="C:\Users\df\AppData\Local\Temp\"/>
    <property name="java.version" value="13.0.2"/>
    <property name="user.dir" value="E:\JetBrains\IdeaProjects\manager_system\manager-system-utils"/>
    <property name="os.arch" value="amd64"/>
    <property name="java.vm.specification.name" value="Java Virtual Machine Specification"/>
    <property name="idea.version2019.3.1" value="true"/>
    <property name="sun.os.patch.level" value=""/>
    <property name="java.library.path" value="E:\Java\jdk-13.0.2\bin;C:\WINDOWS\Sun\Java\bin;C:\WINDOWS\system32;C:\WINDOWS;E:\Java\jdk-13.0.2\bin;E:\Tomcat\apache-tomcat-8.5.31\bin;E:\Mysql\bin;E:\apache-maven-3.6.3\bin;E:\instantclient_12_1;C:\Program Files (x86)\Intel\iCLS Client\;C:\Program Files\Intel\iCLS Client\;C:\Windows\system32;C:\Windows;C:\Windows\System32\Wbem;C:\Windows\System32\WindowsPowerShell\v1.0\;C:\Program Files (x86)\NVIDIA Corporation\PhysX\Common;C:\Program Files (x86)\Intel\Intel(R) Management Engine Components\DAL;C:\Program Files\Intel\Intel(R) Management Engine Components\DAL;C:\Program Files (x86)\Intel\Intel(R) Management Engine Components\IPT;C:\Program Files\Intel\Intel(R) Management Engine Components\IPT;C:\WINDOWS\system32;C:\WINDOWS;C:\WINDOWS\System32\Wbem;C:\WINDOWS\System32\WindowsPowerShell\v1.0\;C:\WINDOWS\System32\OpenSSH\;C:\Program Files\Intel\WiFi\bin\;C:\Program Files\Common Files\Intel\WirelessCommon\;E:\VisualSVN Server\bin;E:\TortoiseSVN\bin;C:\ProgramData\Oracle\Java\javapath;C:\Users\df\AppData\Local\Microsoft\WindowsApps;E:\JetBrains\IntelliJ IDEA 2019.3.1\bin;;;."/>
    <property name="java.vm.info" value="mixed mode, sharing"/>
    <property name="java.vendor" value="Oracle Corporation"/>
    <property name="java.vm.version" value="13.0.2+8"/>
    <property name="sun.io.unicode.encoding" value="UnicodeLittle"/>
    <property name="java.class.version" value="57.0"/>
  </properties>
  <testcase name="shouldAnswerWithTrue" classname="com.msg.AppTest" time="0.003"/>
</testsuite>